[0.009s] Invoking command in '/home/wimukthi/dev_ws/build/my_bot': CMAKE_PREFIX_PATH=/opt/ros/humble /usr/bin/cmake /home/wimukthi/dev_ws/src/my_bot -DCMAKE_INSTALL_PREFIX=/home/wimukthi/dev_ws/install/my_bot
[0.024s] -- Found ament_cmake: 1.3.12 (/opt/ros/humble/share/ament_cmake/cmake)
[0.151s] -- Override CMake install command with custom implementation using symlinks instead of copying resources
[0.167s] -- Found ament_lint_auto: 0.12.14 (/opt/ros/humble/share/ament_lint_auto/cmake)
[0.242s] -- Added test 'copyright' to check source files copyright and LICENSE
[0.247s] -- Added test 'flake8' to check Python code syntax and style conventions
[0.248s] -- Added test 'lint_cmake' to check CMake code style
[0.249s] -- Added test 'pep257' to check Python code against some of the docstring style conventions in PEP 257
[0.252s] -- Added test 'xmllint' to check XML markup files
[0.253s] -- Configuring done
[0.257s] -- Generating done
[0.259s] -- Build files have been written to: /home/wimukthi/dev_ws/build/my_bot
[0.263s] Invoked command in '/home/wimukthi/dev_ws/build/my_bot' returned '0': CMAKE_PREFIX_PATH=/opt/ros/humble /usr/bin/cmake /home/wimukthi/dev_ws/src/my_bot -DCMAKE_INSTALL_PREFIX=/home/wimukthi/dev_ws/install/my_bot
[0.264s] Invoking command in '/home/wimukthi/dev_ws/build/my_bot': CMAKE_PREFIX_PATH=/opt/ros/humble /usr/bin/cmake --build /home/wimukthi/dev_ws/build/my_bot -- -j8 -l8
[0.296s] Invoked command in '/home/wimukthi/dev_ws/build/my_bot' returned '0': CMAKE_PREFIX_PATH=/opt/ros/humble /usr/bin/cmake --build /home/wimukthi/dev_ws/build/my_bot -- -j8 -l8
[0.304s] Invoking command in '/home/wimukthi/dev_ws/build/my_bot': CMAKE_PREFIX_PATH=/opt/ros/humble /usr/bin/cmake --install /home/wimukthi/dev_ws/build/my_bot
[0.310s] -- Install configuration: ""
[0.311s] -- Execute custom install script
[0.311s] -- Up-to-date symlink: /home/wimukthi/dev_ws/install/my_bot/share/my_bot/config/empty.yaml
[0.311s] -- Up-to-date symlink: /home/wimukthi/dev_ws/install/my_bot/share/my_bot/description/robot.urdf.xacro
[0.311s] -- Up-to-date symlink: /home/wimukthi/dev_ws/install/my_bot/share/my_bot/description/robot_core.xacro
[0.311s] -- Up-to-date symlink: /home/wimukthi/dev_ws/install/my_bot/share/my_bot/launch/rsp.launch.py
[0.311s] -- Up-to-date symlink: /home/wimukthi/dev_ws/install/my_bot/share/my_bot/worlds/empty.world
[0.312s] -- Up-to-date symlink: /home/wimukthi/dev_ws/install/my_bot/share/ament_index/resource_index/package_run_dependencies/my_bot
[0.312s] -- Up-to-date symlink: /home/wimukthi/dev_ws/install/my_bot/share/ament_index/resource_index/parent_prefix_path/my_bot
[0.312s] -- Up-to-date symlink: /home/wimukthi/dev_ws/install/my_bot/share/my_bot/environment/ament_prefix_path.sh
[0.312s] -- Up-to-date symlink: /home/wimukthi/dev_ws/install/my_bot/share/my_bot/environment/ament_prefix_path.dsv
[0.312s] -- Up-to-date symlink: /home/wimukthi/dev_ws/install/my_bot/share/my_bot/environment/path.sh
[0.312s] -- Up-to-date symlink: /home/wimukthi/dev_ws/install/my_bot/share/my_bot/environment/path.dsv
[0.312s] -- Up-to-date symlink: /home/wimukthi/dev_ws/install/my_bot/share/my_bot/local_setup.bash
[0.313s] -- Up-to-date symlink: /home/wimukthi/dev_ws/install/my_bot/share/my_bot/local_setup.sh
[0.313s] -- Up-to-date symlink: /home/wimukthi/dev_ws/install/my_bot/share/my_bot/local_setup.zsh
[0.313s] -- Up-to-date symlink: /home/wimukthi/dev_ws/install/my_bot/share/my_bot/local_setup.dsv
[0.313s] -- Symlinking: /home/wimukthi/dev_ws/install/my_bot/share/my_bot/package.dsv
[0.322s] -- Up-to-date symlink: /home/wimukthi/dev_ws/install/my_bot/share/ament_index/resource_index/packages/my_bot
[0.322s] -- Up-to-date symlink: /home/wimukthi/dev_ws/install/my_bot/share/my_bot/cmake/my_botConfig.cmake
[0.322s] -- Up-to-date symlink: /home/wimukthi/dev_ws/install/my_bot/share/my_bot/cmake/my_botConfig-version.cmake
[0.322s] -- Up-to-date symlink: /home/wimukthi/dev_ws/install/my_bot/share/my_bot/package.xml
[0.324s] Invoked command in '/home/wimukthi/dev_ws/build/my_bot' returned '0': CMAKE_PREFIX_PATH=/opt/ros/humble /usr/bin/cmake --install /home/wimukthi/dev_ws/build/my_bot
