[0.010s] Invoking command in '/home/wimukthi/dev_ws/build/my_bot': CMAKE_PREFIX_PATH=${CMAKE_PREFIX_PATH}:/opt/ros/humble /usr/bin/cmake --build /home/wimukthi/dev_ws/build/my_bot -- -j8 -l8
[0.042s] Invoked command in '/home/wimukthi/dev_ws/build/my_bot' returned '0': CMAKE_PREFIX_PATH=${CMAKE_PREFIX_PATH}:/opt/ros/humble /usr/bin/cmake --build /home/wimukthi/dev_ws/build/my_bot -- -j8 -l8
[0.051s] Invoking command in '/home/wimukthi/dev_ws/build/my_bot': CMAKE_PREFIX_PATH=${CMAKE_PREFIX_PATH}:/opt/ros/humble /usr/bin/cmake --install /home/wimukthi/dev_ws/build/my_bot
[0.057s] -- Install configuration: ""
[0.058s] -- Execute custom install script
[0.058s] -- Up-to-date symlink: /home/wimukthi/dev_ws/install/my_bot/share/my_bot/config/empty.yaml
[0.058s] -- Symlinking: /home/wimukthi/dev_ws/install/my_bot/share/my_bot/description/inertial_macros.xacro
[0.066s] -- Up-to-date symlink: /home/wimukthi/dev_ws/install/my_bot/share/my_bot/description/robot.urdf.xacro
[0.066s] -- Up-to-date symlink: /home/wimukthi/dev_ws/install/my_bot/share/my_bot/description/robot_core.xacro
[0.066s] -- Up-to-date symlink: /home/wimukthi/dev_ws/install/my_bot/share/my_bot/launch/rsp.launch.py
[0.066s] -- Up-to-date symlink: /home/wimukthi/dev_ws/install/my_bot/share/my_bot/worlds/empty.world
[0.066s] -- Up-to-date symlink: /home/wimukthi/dev_ws/install/my_bot/share/ament_index/resource_index/package_run_dependencies/my_bot
[0.066s] -- Up-to-date symlink: /home/wimukthi/dev_ws/install/my_bot/share/ament_index/resource_index/parent_prefix_path/my_bot
[0.067s] -- Up-to-date symlink: /home/wimukthi/dev_ws/install/my_bot/share/my_bot/environment/ament_prefix_path.sh
[0.067s] -- Up-to-date symlink: /home/wimukthi/dev_ws/install/my_bot/share/my_bot/environment/ament_prefix_path.dsv
[0.067s] -- Up-to-date symlink: /home/wimukthi/dev_ws/install/my_bot/share/my_bot/environment/path.sh
[0.067s] -- Up-to-date symlink: /home/wimukthi/dev_ws/install/my_bot/share/my_bot/environment/path.dsv
[0.067s] -- Up-to-date symlink: /home/wimukthi/dev_ws/install/my_bot/share/my_bot/local_setup.bash
[0.067s] -- Up-to-date symlink: /home/wimukthi/dev_ws/install/my_bot/share/my_bot/local_setup.sh
[0.068s] -- Up-to-date symlink: /home/wimukthi/dev_ws/install/my_bot/share/my_bot/local_setup.zsh
[0.068s] -- Up-to-date symlink: /home/wimukthi/dev_ws/install/my_bot/share/my_bot/local_setup.dsv
[0.068s] -- Symlinking: /home/wimukthi/dev_ws/install/my_bot/share/my_bot/package.dsv
[0.075s] -- Up-to-date symlink: /home/wimukthi/dev_ws/install/my_bot/share/ament_index/resource_index/packages/my_bot
[0.076s] -- Up-to-date symlink: /home/wimukthi/dev_ws/install/my_bot/share/my_bot/cmake/my_botConfig.cmake
[0.076s] -- Up-to-date symlink: /home/wimukthi/dev_ws/install/my_bot/share/my_bot/cmake/my_botConfig-version.cmake
[0.076s] -- Up-to-date symlink: /home/wimukthi/dev_ws/install/my_bot/share/my_bot/package.xml
[0.077s] Invoked command in '/home/wimukthi/dev_ws/build/my_bot' returned '0': CMAKE_PREFIX_PATH=${CMAKE_PREFIX_PATH}:/opt/ros/humble /usr/bin/cmake --install /home/wimukthi/dev_ws/build/my_bot
