[0.010s] Invoking command in '/home/wimukthi/dev_ws/build/my_bot': CMAKE_PREFIX_PATH=${CMAKE_PREFIX_PATH}:/opt/ros/humble /usr/bin/cmake /home/wimukthi/dev_ws/src/my_bot -DAMENT_CMAKE_SYMLINK_INSTALL=1 -DCMAKE_INSTALL_PREFIX=/home/wimukthi/dev_ws/install/my_bot
[0.020s] -- Found ament_cmake: 1.3.12 (/opt/ros/humble/share/ament_cmake/cmake)
[0.137s] -- Override CMake install command with custom implementation using symlinks instead of copying resources
[0.143s] -- Found ament_lint_auto: 0.12.14 (/opt/ros/humble/share/ament_lint_auto/cmake)
[0.211s] -- Added test 'copyright' to check source files copyright and LICENSE
[0.215s] -- Added test 'flake8' to check Python code syntax and style conventions
[0.216s] -- Added test 'lint_cmake' to check CMake code style
[0.217s] -- Added test 'pep257' to check Python code against some of the docstring style conventions in PEP 257
[0.219s] -- Added test 'xmllint' to check XML markup files
[0.220s] -- Configuring done
[0.222s] -- Generating done
[0.224s] -- Build files have been written to: /home/wimukthi/dev_ws/build/my_bot
[0.227s] Invoked command in '/home/wimukthi/dev_ws/build/my_bot' returned '0': CMAKE_PREFIX_PATH=${CMAKE_PREFIX_PATH}:/opt/ros/humble /usr/bin/cmake /home/wimukthi/dev_ws/src/my_bot -DAMENT_CMAKE_SYMLINK_INSTALL=1 -DCMAKE_INSTALL_PREFIX=/home/wimukthi/dev_ws/install/my_bot
[0.229s] Invoking command in '/home/wimukthi/dev_ws/build/my_bot': CMAKE_PREFIX_PATH=${CMAKE_PREFIX_PATH}:/opt/ros/humble /usr/bin/cmake --build /home/wimukthi/dev_ws/build/my_bot -- -j8 -l8
[0.260s] Invoked command in '/home/wimukthi/dev_ws/build/my_bot' returned '0': CMAKE_PREFIX_PATH=${CMAKE_PREFIX_PATH}:/opt/ros/humble /usr/bin/cmake --build /home/wimukthi/dev_ws/build/my_bot -- -j8 -l8
[0.270s] Invoking command in '/home/wimukthi/dev_ws/build/my_bot': CMAKE_PREFIX_PATH=${CMAKE_PREFIX_PATH}:/opt/ros/humble /usr/bin/cmake --install /home/wimukthi/dev_ws/build/my_bot
[0.276s] -- Install configuration: ""
[0.276s] -- Execute custom install script
[0.277s] -- Up-to-date symlink: /home/wimukthi/dev_ws/install/my_bot/share/my_bot/config/empty.yaml
[0.277s] -- Up-to-date symlink: /home/wimukthi/dev_ws/install/my_bot/share/my_bot/description/robot.urdf.xacro
[0.277s] -- Up-to-date symlink: /home/wimukthi/dev_ws/install/my_bot/share/my_bot/description/robot_core.xacro
[0.277s] -- Up-to-date symlink: /home/wimukthi/dev_ws/install/my_bot/share/my_bot/launch/rsp.launch.py
[0.277s] -- Up-to-date symlink: /home/wimukthi/dev_ws/install/my_bot/share/my_bot/worlds/empty.world
[0.277s] -- Up-to-date symlink: /home/wimukthi/dev_ws/install/my_bot/share/ament_index/resource_index/package_run_dependencies/my_bot
[0.278s] -- Up-to-date symlink: /home/wimukthi/dev_ws/install/my_bot/share/ament_index/resource_index/parent_prefix_path/my_bot
[0.278s] -- Up-to-date symlink: /home/wimukthi/dev_ws/install/my_bot/share/my_bot/environment/ament_prefix_path.sh
[0.278s] -- Up-to-date symlink: /home/wimukthi/dev_ws/install/my_bot/share/my_bot/environment/ament_prefix_path.dsv
[0.278s] -- Up-to-date symlink: /home/wimukthi/dev_ws/install/my_bot/share/my_bot/environment/path.sh
[0.278s] -- Up-to-date symlink: /home/wimukthi/dev_ws/install/my_bot/share/my_bot/environment/path.dsv
[0.278s] -- Up-to-date symlink: /home/wimukthi/dev_ws/install/my_bot/share/my_bot/local_setup.bash
[0.279s] -- Up-to-date symlink: /home/wimukthi/dev_ws/install/my_bot/share/my_bot/local_setup.sh
[0.279s] -- Up-to-date symlink: /home/wimukthi/dev_ws/install/my_bot/share/my_bot/local_setup.zsh
[0.279s] -- Up-to-date symlink: /home/wimukthi/dev_ws/install/my_bot/share/my_bot/local_setup.dsv
[0.279s] -- Symlinking: /home/wimukthi/dev_ws/install/my_bot/share/my_bot/package.dsv
[0.287s] -- Up-to-date symlink: /home/wimukthi/dev_ws/install/my_bot/share/ament_index/resource_index/packages/my_bot
[0.287s] -- Up-to-date symlink: /home/wimukthi/dev_ws/install/my_bot/share/my_bot/cmake/my_botConfig.cmake
[0.287s] -- Up-to-date symlink: /home/wimukthi/dev_ws/install/my_bot/share/my_bot/cmake/my_botConfig-version.cmake
[0.287s] -- Up-to-date symlink: /home/wimukthi/dev_ws/install/my_bot/share/my_bot/package.xml
[0.289s] Invoked command in '/home/wimukthi/dev_ws/build/my_bot' returned '0': CMAKE_PREFIX_PATH=${CMAKE_PREFIX_PATH}:/opt/ros/humble /usr/bin/cmake --install /home/wimukthi/dev_ws/build/my_bot
