[0.747s] Invoking command in '/home/wimukthi/dev_ws/build/serial_motor_demo': PYTHONPATH=/home/wimukthi/dev_ws/build/serial_motor_demo/prefix_override:/usr/lib/python3/dist-packages/colcon_core/task/python/colcon_distutils_commands:/home/wimukthi/dev_ws/install/serial_motor_demo/lib/python3.10/site-packages:${PYTHONPATH} /usr/bin/python3 -W ignore:setup.py install is deprecated -W ignore:easy_install command is deprecated setup.py develop --editable --build-directory /home/wimukthi/dev_ws/build/serial_motor_demo/build --no-deps symlink_data
[1.039s] /usr/lib/python3/dist-packages/setuptools/dist.py:723: UserWarning: Usage of dash-separated 'script-dir' will not be supported in future versions. Please use the underscore name 'script_dir' instead
[1.039s]   warnings.warn(
[1.081s] running develop
[1.263s] running egg_info
[1.263s] writing serial_motor_demo.egg-info/PKG-INFO
[1.263s] writing dependency_links to serial_motor_demo.egg-info/dependency_links.txt
[1.264s] writing entry points to serial_motor_demo.egg-info/entry_points.txt
[1.264s] writing requirements to serial_motor_demo.egg-info/requires.txt
[1.264s] writing top-level names to serial_motor_demo.egg-info/top_level.txt
[1.266s] reading manifest file 'serial_motor_demo.egg-info/SOURCES.txt'
[1.266s] writing manifest file 'serial_motor_demo.egg-info/SOURCES.txt'
[1.268s] running build_ext
[1.268s] Creating /home/wimukthi/dev_ws/install/serial_motor_demo/lib/python3.10/site-packages/serial-motor-demo.egg-link (link to .)
[1.269s] Installing driver script to /home/wimukthi/dev_ws/install/serial_motor_demo/lib/serial_motor_demo
[1.269s] Installing gui script to /home/wimukthi/dev_ws/install/serial_motor_demo/lib/serial_motor_demo
[1.269s] 
[1.269s] Installed /home/wimukthi/dev_ws/build/serial_motor_demo
[1.269s] running symlink_data
[1.295s] Invoked command in '/home/wimukthi/dev_ws/build/serial_motor_demo' returned '0': PYTHONPATH=/home/wimukthi/dev_ws/build/serial_motor_demo/prefix_override:/usr/lib/python3/dist-packages/colcon_core/task/python/colcon_distutils_commands:/home/wimukthi/dev_ws/install/serial_motor_demo/lib/python3.10/site-packages:${PYTHONPATH} /usr/bin/python3 -W ignore:setup.py install is deprecated -W ignore:easy_install command is deprecated setup.py develop --editable --build-directory /home/wimukthi/dev_ws/build/serial_motor_demo/build --no-deps symlink_data
