[0.010s] Invoking command in '/home/wimukthi/dev_ws/build/my_bot': CMAKE_PREFIX_PATH=/opt/ros/humble /usr/bin/cmake /home/wimukthi/dev_ws/src/my_bot -DAMENT_CMAKE_SYMLINK_INSTALL=1 -DCMAKE_INSTALL_PREFIX=/home/wimukthi/dev_ws/install/my_bot
[0.179s] -- The C compiler identification is GNU 11.4.0
[0.323s] -- The CXX compiler identification is GNU 11.4.0
[0.333s] -- Detecting C compiler ABI info
[0.399s] -- Detecting C compiler ABI info - done
[0.408s] -- Check for working C compiler: /usr/bin/cc - skipped
[0.408s] -- Detecting C compile features
[0.409s] -- Detecting C compile features - done
[0.412s] -- Detecting CXX compiler ABI info
[0.534s] -- Detecting CXX compiler ABI info - done
[0.542s] -- Check for working CXX compiler: /usr/bin/c++ - skipped
[0.543s] -- Detecting CXX compile features
[0.543s] -- Detecting CXX compile features - done
[0.546s] -- Found ament_cmake: 1.3.12 (/opt/ros/humble/share/ament_cmake/cmake)
[0.691s] -- Found Python3: /usr/bin/python3 (found version "3.10.12") found components: Interpreter 
[0.760s] -- Override CMake install command with custom implementation using symlinks instead of copying resources
[0.794s] -- Found ament_lint_auto: 0.12.14 (/opt/ros/humble/share/ament_lint_auto/cmake)
[0.879s] -- Added test 'copyright' to check source files copyright and LICENSE
[0.884s] -- Added test 'flake8' to check Python code syntax and style conventions
[0.885s] -- Added test 'lint_cmake' to check CMake code style
[0.886s] -- Added test 'pep257' to check Python code against some of the docstring style conventions in PEP 257
[0.889s] -- Added test 'xmllint' to check XML markup files
[0.890s] -- Configuring done
[0.893s] -- Generating done
[0.894s] -- Build files have been written to: /home/wimukthi/dev_ws/build/my_bot
[0.898s] Invoked command in '/home/wimukthi/dev_ws/build/my_bot' returned '0': CMAKE_PREFIX_PATH=/opt/ros/humble /usr/bin/cmake /home/wimukthi/dev_ws/src/my_bot -DAMENT_CMAKE_SYMLINK_INSTALL=1 -DCMAKE_INSTALL_PREFIX=/home/wimukthi/dev_ws/install/my_bot
[0.900s] Invoking command in '/home/wimukthi/dev_ws/build/my_bot': CMAKE_PREFIX_PATH=/opt/ros/humble /usr/bin/cmake --build /home/wimukthi/dev_ws/build/my_bot -- -j8 -l8
[0.933s] Invoked command in '/home/wimukthi/dev_ws/build/my_bot' returned '0': CMAKE_PREFIX_PATH=/opt/ros/humble /usr/bin/cmake --build /home/wimukthi/dev_ws/build/my_bot -- -j8 -l8
[0.941s] Invoking command in '/home/wimukthi/dev_ws/build/my_bot': CMAKE_PREFIX_PATH=/opt/ros/humble /usr/bin/cmake --install /home/wimukthi/dev_ws/build/my_bot
[0.948s] -- Install configuration: ""
[0.948s] -- Execute custom install script
[0.949s] -- Symlinking: /home/wimukthi/dev_ws/install/my_bot/share/my_bot/config/empty.yaml
[0.957s] -- Symlinking: /home/wimukthi/dev_ws/install/my_bot/share/my_bot/description/robot.urdf.xacro
[0.965s] -- Symlinking: /home/wimukthi/dev_ws/install/my_bot/share/my_bot/launch/rsp.launch.py
[0.972s] -- Symlinking: /home/wimukthi/dev_ws/install/my_bot/share/my_bot/worlds/empty.world
[0.980s] -- Symlinking: /home/wimukthi/dev_ws/install/my_bot/share/ament_index/resource_index/package_run_dependencies/my_bot
[0.988s] -- Symlinking: /home/wimukthi/dev_ws/install/my_bot/share/ament_index/resource_index/parent_prefix_path/my_bot
[0.995s] -- Symlinking: /home/wimukthi/dev_ws/install/my_bot/share/my_bot/environment/ament_prefix_path.sh
[1.003s] -- Symlinking: /home/wimukthi/dev_ws/install/my_bot/share/my_bot/environment/ament_prefix_path.dsv
[1.010s] -- Symlinking: /home/wimukthi/dev_ws/install/my_bot/share/my_bot/environment/path.sh
[1.018s] -- Symlinking: /home/wimukthi/dev_ws/install/my_bot/share/my_bot/environment/path.dsv
[1.025s] -- Symlinking: /home/wimukthi/dev_ws/install/my_bot/share/my_bot/local_setup.bash
[1.033s] -- Symlinking: /home/wimukthi/dev_ws/install/my_bot/share/my_bot/local_setup.sh
[1.040s] -- Symlinking: /home/wimukthi/dev_ws/install/my_bot/share/my_bot/local_setup.zsh
[1.047s] -- Symlinking: /home/wimukthi/dev_ws/install/my_bot/share/my_bot/local_setup.dsv
[1.054s] -- Symlinking: /home/wimukthi/dev_ws/install/my_bot/share/my_bot/package.dsv
[1.061s] -- Symlinking: /home/wimukthi/dev_ws/install/my_bot/share/ament_index/resource_index/packages/my_bot
[1.069s] -- Symlinking: /home/wimukthi/dev_ws/install/my_bot/share/my_bot/cmake/my_botConfig.cmake
[1.076s] -- Symlinking: /home/wimukthi/dev_ws/install/my_bot/share/my_bot/cmake/my_botConfig-version.cmake
[1.083s] -- Symlinking: /home/wimukthi/dev_ws/install/my_bot/share/my_bot/package.xml
[1.092s] Invoked command in '/home/wimukthi/dev_ws/build/my_bot' returned '0': CMAKE_PREFIX_PATH=/opt/ros/humble /usr/bin/cmake --install /home/wimukthi/dev_ws/build/my_bot
